{"name": "test_fac_one", "status": "failed", "statusDetails": {"message": "AssertionError: assert 1 == 0\n +  where 1 = fact(1)", "trace": "def test_fac_one():\n>       assert fact(1)==0\nE       assert 1 == 0\nE        +  where 1 = fact(1)\n\npytest_tut/test_hi.py:14: AssertionError"}, "start": 1734692411443, "stop": 1734692411444, "uuid": "021f0e9b-825d-4325-872b-89c2b575d2ab", "historyId": "5c8f07e51556a856dc0f1dee7f280976", "testCaseId": "5c8f07e51556a856dc0f1dee7f280976", "fullName": "pytest_tut.test_hi#test_fac_one", "labels": [{"name": "parentSuite", "value": "pytest_tut"}, {"name": "suite", "value": "test_hi"}, {"name": "host", "value": "span63-Lenovo-ideapad-300-15ISK"}, {"name": "thread", "value": "12575-MainThread"}, {"name": "framework", "value": "pytest"}, {"name": "language", "value": "cpython3"}, {"name": "package", "value": "pytest_tut.test_hi"}]}